<?xml version="1.0" encoding="UTF-8" ?>
<testsuites errors="1"
            failures="1"
            tests="1">

  <testsuite name="smoketest"
    errors="1" failures="1" hostname="" id="" package="smoketest" skipped="0"
    tests="1" time="34.69" timestamp="Fri, 01 Jun 2018 18:31:28 GMT">
  
    <testcase name="Create a New App" classname="smoketest" time="34.69" assertions="3">

      <failure message="Timed out while waiting for element &lt;//div[text()=&#34;New App&#34;]&gt; to be present for 3000 milliseconds.">    at Object.Create a New App (c:\git\prototype\test\e2e\tests\smoketest.js:13:14)
    at Module.call (c:\git\prototype\test\e2e\nightwatch\lib\runner\module.js:62:34)
    at c:\git\prototype\test\e2e\nightwatch\lib\runner\testcase.js:70:29
    at process._tickCallback (internal/process/next_tick.js:61:11)</failure>

      <failure message="Timed out while waiting for element &lt;input[id*=&#34;TextField&#34;]&gt; to be present for 4000 milliseconds.">    at Page.waitForElementVisible (c:\git\prototype\test\e2e\nightwatch\lib\page-object\command-wrapper.js:117:25)
    at Object.Create a New App (c:\git\prototype\test\e2e\tests\smoketest.js:18:12)
    at Module.call (c:\git\prototype\test\e2e\nightwatch\lib\runner\module.js:62:34)
    at c:\git\prototype\test\e2e\nightwatch\lib\runner\testcase.js:70:29</failure>

    
    </testcase>
  

  
    <system-err>
      ERROR: Unable to locate element: &#34;//div[text()=&#34;New App&#34;]&#34; using: xpath
    at Object.Create a New App (c:\git\prototype\test\e2e\tests\smoketest.js:14:14)
    at Module.call (c:\git\prototype\test\e2e\nightwatch\lib\runner\module.js:62:34)
    at c:\git\prototype\test\e2e\nightwatch\lib\runner\testcase.js:70:29
    at _fulfilled (c:\git\prototype\test\e2e\nightwatch\node_modules\q\q.js:834:54)
    at c:\git\prototype\test\e2e\nightwatch\node_modules\q\q.js:863:30
    at Promise.promise.promiseDispatch (c:\git\prototype\test\e2e\nightwatch\node_modules\q\q.js:796:13)
    at c:\git\prototype\test\e2e\nightwatch\node_modules\q\q.js:556:49
    at runSingle (c:\git\prototype\test\e2e\nightwatch\node_modules\q\q.js:137:13)
    at flush (c:\git\prototype\test\e2e\nightwatch\node_modules\q\q.js:125:13)
    at process._tickCallback (internal/process/next_tick.js:61:11)
    </system-err>
  

  
  </testsuite>
</testsuites>
