<?xml version="1.0" encoding="UTF-8" ?>
<testsuites errors="7"
            failures="1"
            tests="1">

  <testsuite name="nightwatchTest"
    errors="7" failures="1" hostname="" id="" package="nightwatchTest" skipped="0"
    tests="1" time="26.01" timestamp="Thu, 31 May 2018 00:01:32 GMT">
  
    <testcase name="Demo test NightwatchJS.org" classname="nightwatchTest" time="26.01" assertions="8">

      <failure message="Testing if element &lt;#index-container ul.features li:nth-child(0.5908776998403567-2) em&gt; has css class: &#34;glyphicon&#34;. Element could not be located.">    at Object.&lt;anonymous&gt; (c:\git\minervaen\nwtest\test\nw-prototype\test\nightwatchTest.js:12:35)
    at endReadableNT (_stream_readable.js:1086:12)
    at process._tickCallback (internal/process/next_tick.js:63:19)</failure>

      <failure message="Testing if element &lt;#index-container ul.features li:nth-child(0.5908776998403567-3) em&gt; has css class: &#34;glyphicon&#34;. Element could not be located.">    at Object.&lt;anonymous&gt; (c:\git\minervaen\nwtest\test\nw-prototype\test\nightwatchTest.js:12:35)
    at endReadableNT (_stream_readable.js:1086:12)
    at process._tickCallback (internal/process/next_tick.js:63:19)</failure>

      <failure message="Testing if element &lt;#index-container ul.features li:nth-child(0.5908776998403567-4) em&gt; has css class: &#34;glyphicon&#34;. Element could not be located.">    at Object.&lt;anonymous&gt; (c:\git\minervaen\nwtest\test\nw-prototype\test\nightwatchTest.js:12:35)
    at endReadableNT (_stream_readable.js:1086:12)
    at process._tickCallback (internal/process/next_tick.js:63:19)</failure>

      <failure message="Testing if element &lt;#index-container ul.features li:nth-child(0.5908776998403567-5) em&gt; has css class: &#34;glyphicon&#34;. Element could not be located.">    at Object.&lt;anonymous&gt; (c:\git\minervaen\nwtest\test\nw-prototype\test\nightwatchTest.js:12:35)
    at endReadableNT (_stream_readable.js:1086:12)
    at process._tickCallback (internal/process/next_tick.js:63:19)</failure>

      <failure message="Testing if element &lt;#index-container ul.features li:nth-child(0.5908776998403567-6) em&gt; has css class: &#34;glyphicon&#34;. Element could not be located.">    at Object.&lt;anonymous&gt; (c:\git\minervaen\nwtest\test\nw-prototype\test\nightwatchTest.js:12:35)
    at endReadableNT (_stream_readable.js:1086:12)
    at process._tickCallback (internal/process/next_tick.js:63:19)</failure>

      <failure message="Testing if element &lt;#index-container ul.features li:nth-child(0.5908776998403567-7) em&gt; has css class: &#34;glyphicon&#34;. Element could not be located.">    at Object.&lt;anonymous&gt; (c:\git\minervaen\nwtest\test\nw-prototype\test\nightwatchTest.js:12:35)
    at endReadableNT (_stream_readable.js:1086:12)
    at process._tickCallback (internal/process/next_tick.js:63:19)</failure>

      <failure message="Testing if element &lt;#index-container ul.features li:nth-child(0.5908776998403567-8) em&gt; has css class: &#34;glyphicon&#34;. Element could not be located.">    at Object.&lt;anonymous&gt; (c:\git\minervaen\nwtest\test\nw-prototype\test\nightwatchTest.js:12:35)
    at endReadableNT (_stream_readable.js:1086:12)
    at process._tickCallback (internal/process/next_tick.js:63:19)</failure>

    
    </testcase>
  

  
    <system-err>
      ERROR: Unable to locate element: &#34;#index-container ul.features li:nth-child(0.5908776998403567-2) em&#34; using: css selector
    at F.command (c:\git\minervaen\nwtest\test\nw-prototype\node_modules\nightwatch\lib\api\assertions\cssClassPresent.js:47:21)
    at F.module.exports.BaseAssertion._scheduleAssertion (c:\git\minervaen\nwtest\test\nw-prototype\node_modules\nightwatch\lib\core\assertion.js:87:17)
    at F.module.exports.BaseAssertion._executeCommand (c:\git\minervaen\nwtest\test\nw-prototype\node_modules\nightwatch\lib\core\assertion.js:82:17)
    at AssertionInstance.commandFn [as _commandFn] (c:\git\minervaen\nwtest\test\nw-prototype\node_modules\nightwatch\lib\core\assertion.js:180:21)
    at AsyncTree.runCommand (c:\git\minervaen\nwtest\test\nw-prototype\node_modules\nightwatch\lib\core\queue.js:154:30)
    at AsyncTree.runChildNode (c:\git\minervaen\nwtest\test\nw-prototype\node_modules\nightwatch\lib\core\queue.js:114:8)
    at AsyncTree.walkDown (c:\git\minervaen\nwtest\test\nw-prototype\node_modules\nightwatch\lib\core\queue.js:80:10)
    at AsyncTree.traverse (c:\git\minervaen\nwtest\test\nw-prototype\node_modules\nightwatch\lib\core\queue.js:73:8)
    at c:\git\minervaen\nwtest\test\nw-prototype\node_modules\nightwatch\lib\core\queue.js:65:10
    at process._tickCallback (internal/process/next_tick.js:61:11)
ERROR: Unable to locate element: &#34;#index-container ul.features li:nth-child(0.5908776998403567-3) em&#34; using: css selector
    at F.command (c:\git\minervaen\nwtest\test\nw-prototype\node_modules\nightwatch\lib\api\assertions\cssClassPresent.js:47:21)
    at F.module.exports.BaseAssertion._scheduleAssertion (c:\git\minervaen\nwtest\test\nw-prototype\node_modules\nightwatch\lib\core\assertion.js:87:17)
    at F.module.exports.BaseAssertion._executeCommand (c:\git\minervaen\nwtest\test\nw-prototype\node_modules\nightwatch\lib\core\assertion.js:82:17)
    at AssertionInstance.commandFn [as _commandFn] (c:\git\minervaen\nwtest\test\nw-prototype\node_modules\nightwatch\lib\core\assertion.js:180:21)
    at AsyncTree.runCommand (c:\git\minervaen\nwtest\test\nw-prototype\node_modules\nightwatch\lib\core\queue.js:154:30)
    at AsyncTree.runChildNode (c:\git\minervaen\nwtest\test\nw-prototype\node_modules\nightwatch\lib\core\queue.js:114:8)
    at AsyncTree.walkDown (c:\git\minervaen\nwtest\test\nw-prototype\node_modules\nightwatch\lib\core\queue.js:80:10)
    at AsyncTree.walkUp (c:\git\minervaen\nwtest\test\nw-prototype\node_modules\nightwatch\lib\core\queue.js:97:8)
    at AsyncTree.walkDown (c:\git\minervaen\nwtest\test\nw-prototype\node_modules\nightwatch\lib\core\queue.js:90:12)
    at AsyncTree.walkUp (c:\git\minervaen\nwtest\test\nw-prototype\node_modules\nightwatch\lib\core\queue.js:97:8)
ERROR: Unable to locate element: &#34;#index-container ul.features li:nth-child(0.5908776998403567-4) em&#34; using: css selector
    at F.command (c:\git\minervaen\nwtest\test\nw-prototype\node_modules\nightwatch\lib\api\assertions\cssClassPresent.js:47:21)
    at F.module.exports.BaseAssertion._scheduleAssertion (c:\git\minervaen\nwtest\test\nw-prototype\node_modules\nightwatch\lib\core\assertion.js:87:17)
    at F.module.exports.BaseAssertion._executeCommand (c:\git\minervaen\nwtest\test\nw-prototype\node_modules\nightwatch\lib\core\assertion.js:82:17)
    at AssertionInstance.commandFn [as _commandFn] (c:\git\minervaen\nwtest\test\nw-prototype\node_modules\nightwatch\lib\core\assertion.js:180:21)
    at AsyncTree.runCommand (c:\git\minervaen\nwtest\test\nw-prototype\node_modules\nightwatch\lib\core\queue.js:154:30)
    at AsyncTree.runChildNode (c:\git\minervaen\nwtest\test\nw-prototype\node_modules\nightwatch\lib\core\queue.js:114:8)
    at AsyncTree.walkDown (c:\git\minervaen\nwtest\test\nw-prototype\node_modules\nightwatch\lib\core\queue.js:80:10)
    at AsyncTree.walkUp (c:\git\minervaen\nwtest\test\nw-prototype\node_modules\nightwatch\lib\core\queue.js:97:8)
    at AsyncTree.walkDown (c:\git\minervaen\nwtest\test\nw-prototype\node_modules\nightwatch\lib\core\queue.js:90:12)
    at AsyncTree.walkUp (c:\git\minervaen\nwtest\test\nw-prototype\node_modules\nightwatch\lib\core\queue.js:97:8)
ERROR: Unable to locate element: &#34;#index-container ul.features li:nth-child(0.5908776998403567-5) em&#34; using: css selector
    at F.command (c:\git\minervaen\nwtest\test\nw-prototype\node_modules\nightwatch\lib\api\assertions\cssClassPresent.js:47:21)
    at F.module.exports.BaseAssertion._scheduleAssertion (c:\git\minervaen\nwtest\test\nw-prototype\node_modules\nightwatch\lib\core\assertion.js:87:17)
    at F.module.exports.BaseAssertion._executeCommand (c:\git\minervaen\nwtest\test\nw-prototype\node_modules\nightwatch\lib\core\assertion.js:82:17)
    at AssertionInstance.commandFn [as _commandFn] (c:\git\minervaen\nwtest\test\nw-prototype\node_modules\nightwatch\lib\core\assertion.js:180:21)
    at AsyncTree.runCommand (c:\git\minervaen\nwtest\test\nw-prototype\node_modules\nightwatch\lib\core\queue.js:154:30)
    at AsyncTree.runChildNode (c:\git\minervaen\nwtest\test\nw-prototype\node_modules\nightwatch\lib\core\queue.js:114:8)
    at AsyncTree.walkDown (c:\git\minervaen\nwtest\test\nw-prototype\node_modules\nightwatch\lib\core\queue.js:80:10)
    at AsyncTree.walkUp (c:\git\minervaen\nwtest\test\nw-prototype\node_modules\nightwatch\lib\core\queue.js:97:8)
    at AsyncTree.walkDown (c:\git\minervaen\nwtest\test\nw-prototype\node_modules\nightwatch\lib\core\queue.js:90:12)
    at AsyncTree.walkUp (c:\git\minervaen\nwtest\test\nw-prototype\node_modules\nightwatch\lib\core\queue.js:97:8)
ERROR: Unable to locate element: &#34;#index-container ul.features li:nth-child(0.5908776998403567-6) em&#34; using: css selector
    at F.command (c:\git\minervaen\nwtest\test\nw-prototype\node_modules\nightwatch\lib\api\assertions\cssClassPresent.js:47:21)
    at F.module.exports.BaseAssertion._scheduleAssertion (c:\git\minervaen\nwtest\test\nw-prototype\node_modules\nightwatch\lib\core\assertion.js:87:17)
    at F.module.exports.BaseAssertion._executeCommand (c:\git\minervaen\nwtest\test\nw-prototype\node_modules\nightwatch\lib\core\assertion.js:82:17)
    at AssertionInstance.commandFn [as _commandFn] (c:\git\minervaen\nwtest\test\nw-prototype\node_modules\nightwatch\lib\core\assertion.js:180:21)
    at AsyncTree.runCommand (c:\git\minervaen\nwtest\test\nw-prototype\node_modules\nightwatch\lib\core\queue.js:154:30)
    at AsyncTree.runChildNode (c:\git\minervaen\nwtest\test\nw-prototype\node_modules\nightwatch\lib\core\queue.js:114:8)
    at AsyncTree.walkDown (c:\git\minervaen\nwtest\test\nw-prototype\node_modules\nightwatch\lib\core\queue.js:80:10)
    at AsyncTree.walkUp (c:\git\minervaen\nwtest\test\nw-prototype\node_modules\nightwatch\lib\core\queue.js:97:8)
    at AsyncTree.walkDown (c:\git\minervaen\nwtest\test\nw-prototype\node_modules\nightwatch\lib\core\queue.js:90:12)
    at AsyncTree.walkUp (c:\git\minervaen\nwtest\test\nw-prototype\node_modules\nightwatch\lib\core\queue.js:97:8)
ERROR: Unable to locate element: &#34;#index-container ul.features li:nth-child(0.5908776998403567-7) em&#34; using: css selector
    at F.command (c:\git\minervaen\nwtest\test\nw-prototype\node_modules\nightwatch\lib\api\assertions\cssClassPresent.js:47:21)
    at F.module.exports.BaseAssertion._scheduleAssertion (c:\git\minervaen\nwtest\test\nw-prototype\node_modules\nightwatch\lib\core\assertion.js:87:17)
    at F.module.exports.BaseAssertion._executeCommand (c:\git\minervaen\nwtest\test\nw-prototype\node_modules\nightwatch\lib\core\assertion.js:82:17)
    at AssertionInstance.commandFn [as _commandFn] (c:\git\minervaen\nwtest\test\nw-prototype\node_modules\nightwatch\lib\core\assertion.js:180:21)
    at AsyncTree.runCommand (c:\git\minervaen\nwtest\test\nw-prototype\node_modules\nightwatch\lib\core\queue.js:154:30)
    at AsyncTree.runChildNode (c:\git\minervaen\nwtest\test\nw-prototype\node_modules\nightwatch\lib\core\queue.js:114:8)
    at AsyncTree.walkDown (c:\git\minervaen\nwtest\test\nw-prototype\node_modules\nightwatch\lib\core\queue.js:80:10)
    at AsyncTree.walkUp (c:\git\minervaen\nwtest\test\nw-prototype\node_modules\nightwatch\lib\core\queue.js:97:8)
    at AsyncTree.walkDown (c:\git\minervaen\nwtest\test\nw-prototype\node_modules\nightwatch\lib\core\queue.js:90:12)
    at AsyncTree.walkUp (c:\git\minervaen\nwtest\test\nw-prototype\node_modules\nightwatch\lib\core\queue.js:97:8)
ERROR: Unable to locate element: &#34;#index-container ul.features li:nth-child(0.5908776998403567-8) em&#34; using: css selector
    at F.command (c:\git\minervaen\nwtest\test\nw-prototype\node_modules\nightwatch\lib\api\assertions\cssClassPresent.js:47:21)
    at F.module.exports.BaseAssertion._scheduleAssertion (c:\git\minervaen\nwtest\test\nw-prototype\node_modules\nightwatch\lib\core\assertion.js:87:17)
    at F.module.exports.BaseAssertion._executeCommand (c:\git\minervaen\nwtest\test\nw-prototype\node_modules\nightwatch\lib\core\assertion.js:82:17)
    at AssertionInstance.commandFn [as _commandFn] (c:\git\minervaen\nwtest\test\nw-prototype\node_modules\nightwatch\lib\core\assertion.js:180:21)
    at AsyncTree.runCommand (c:\git\minervaen\nwtest\test\nw-prototype\node_modules\nightwatch\lib\core\queue.js:154:30)
    at AsyncTree.runChildNode (c:\git\minervaen\nwtest\test\nw-prototype\node_modules\nightwatch\lib\core\queue.js:114:8)
    at AsyncTree.walkDown (c:\git\minervaen\nwtest\test\nw-prototype\node_modules\nightwatch\lib\core\queue.js:80:10)
    at AsyncTree.walkUp (c:\git\minervaen\nwtest\test\nw-prototype\node_modules\nightwatch\lib\core\queue.js:97:8)
    at AsyncTree.walkDown (c:\git\minervaen\nwtest\test\nw-prototype\node_modules\nightwatch\lib\core\queue.js:90:12)
    at AsyncTree.walkUp (c:\git\minervaen\nwtest\test\nw-prototype\node_modules\nightwatch\lib\core\queue.js:97:8)
    </system-err>
  

  
  </testsuite>
</testsuites>
